MakeDecision changes log

Version 2.3 / Android:
• Added English (US) localization for Android version;
• Added abitily to select application language (in addition to auto-detection) for Android version;
• Windows version accepted all current updates;
• Target API for Android version increased to 29 (Android Q), according to Google play requirements

Version 2.2 / Android:
• Added first start tips;
• Variants count increased up to 10;
• Added link to solution method's page;
• Some minor bugs fixed

Version 2.1 / Android:
• Android version has been implemented

Version 2.0.1p:
• Some minor bugs fixed;
• Updated application info interface (more convenient font is used for now);
• Added a button to access the Application development policy and EULA in the application info interface (due to ADP update);
• Added automatic check for updates to the application info interface

Version 2.0
• Application namespace, icon and development environment have been unified;
• New application info interface implemented;
• Publication on GitHub
